[24Dec2024 00:15:30.041] [User Authenticator #20/INFO] [net.minecraft.network.login.ServerLoginNetHandler/]: UUID of player Crying_Prophet is 5113c246-f851-365d-ae5f-8beea591f8fd
[24Dec2024 00:15:31.648] [Server thread/INFO] [net.minecraftforge.common.AdvancementLoadFix/]: Using new advancement loading for net.minecraft.advancements.PlayerAdvancements@321a9956
[24Dec2024 00:15:31.656] [Server thread/INFO] [net.minecraft.server.management.PlayerList/]: Crying_Prophet[/127.138.193.100:45401] logged in with entity id 42185 at (301.30000001192093, 61.0, -10.482758599638633)
[24Dec2024 00:57:12.798] [Server thread/INFO] [Console/]: <Crying_Prophet> 41 -7
[24Dec2024 01:01:11.446] [Server thread/INFO] [net.minecraft.network.play.ServerPlayNetHandler/]: Crying_Prophet lost connection: Disconnected
[24Dec2024 01:01:11.454] [Server thread/INFO] [net.minecraft.server.dedicated.DedicatedServer/]: Crying_Prophet left the game
[24Dec2024 01:02:31.582] [User Authenticator #21/INFO] [net.minecraft.network.login.ServerLoginNetHandler/]: UUID of player Crying_Prophet is 5113c246-f851-365d-ae5f-8beea591f8fd
[24Dec2024 01:02:33.997] [Server thread/INFO] [net.minecraftforge.common.AdvancementLoadFix/]: Using new advancement loading for net.minecraft.advancements.PlayerAdvancements@116c5e1c
[24Dec2024 01:02:34.002] [Server thread/INFO] [net.minecraft.server.management.PlayerList/]: Crying_Prophet[/127.72.193.197:47203] logged in with entity id 49473 at (325.2312215423042, 68.0, -56.88101744240762)
[24Dec2024 01:05:34.193] [Server thread/INFO] [net.minecraft.network.play.ServerPlayNetHandler/]: Crying_Prophet lost connection: Timed out
[24Dec2024 01:05:34.202] [Server thread/INFO] [net.minecraft.server.dedicated.DedicatedServer/]: Crying_Prophet left the game
[24Dec2024 01:05:34.254] [Server thread/WARN] [net.minecraft.network.NetworkManager/]: handleDisconnection() called twice
[24Dec2024 01:05:44.134] [User Authenticator #22/INFO] [net.minecraft.network.login.ServerLoginNetHandler/]: UUID of player Crying_Prophet is 5113c246-f851-365d-ae5f-8beea591f8fd
[24Dec2024 01:05:46.047] [Server thread/INFO] [net.minecraftforge.common.AdvancementLoadFix/]: Using new advancement loading for net.minecraft.advancements.PlayerAdvancements@4bfbbb23
[24Dec2024 01:05:46.056] [Server thread/INFO] [net.minecraft.server.management.PlayerList/]: Crying_Prophet[/127.138.193.100:45035] logged in with entity id 50082 at (11.911273618127275, 116.0, -7.505872269373475)
[24Dec2024 01:11:27.644] [Server thread/INFO] [net.minecraft.server.dedicated.DedicatedServer/]: Crying_Prophet has made the advancement [A Terrible Fortress]
[24Dec2024 01:13:46.693] [Server thread/INFO] [net.minecraft.server.dedicated.DedicatedServer/]: Crying_Prophet has made the advancement [Spooky Scary Skeleton]
[24Dec2024 01:14:47.743] [Server thread/INFO] [net.minecraft.network.play.ServerPlayNetHandler/]: Crying_Prophet lost connection: Disconnected
[24Dec2024 01:14:47.750] [Server thread/INFO] [net.minecraft.server.dedicated.DedicatedServer/]: Crying_Prophet left the game
[24Dec2024 01:15:55.729] [User Authenticator #23/INFO] [net.minecraft.network.login.ServerLoginNetHandler/]: UUID of player Tontuex is c116b748-fcf7-310a-8879-08ba63865e69
[24Dec2024 01:15:57.749] [Server thread/INFO] [net.minecraftforge.common.AdvancementLoadFix/]: Using new advancement loading for net.minecraft.advancements.PlayerAdvancements@3e4547f5
[24Dec2024 01:15:57.756] [Server thread/INFO] [net.minecraft.server.management.PlayerList/]: Tontuex[/127.138.193.100:33841] logged in with entity id 51396 at (296.16184497273923, 68.0, -43.80250503522619)
[24Dec2024 01:16:21.551] [User Authenticator #24/INFO] [net.minecraft.network.login.ServerLoginNetHandler/]: UUID of player Crying_Prophet is 5113c246-f851-365d-ae5f-8beea591f8fd
[24Dec2024 01:16:23.114] [Server thread/INFO] [net.minecraftforge.common.AdvancementLoadFix/]: Using new advancement loading for net.minecraft.advancements.PlayerAdvancements@e67b56a
[24Dec2024 01:16:23.131] [Server thread/INFO] [net.minecraft.server.management.PlayerList/]: Crying_Prophet[/127.144.18.75:36539] logged in with entity id 51488 at (164.7278660065238, 73.0, 62.39540569845006)
[24Dec2024 01:22:08.203] [User Authenticator #25/INFO] [net.minecraft.network.login.ServerLoginNetHandler/]: UUID of player Dylan_HHH is 7bf25c75-cb42-3eb9-bc7e-9109e9e259b5
[24Dec2024 01:22:14.801] [Server thread/INFO] [net.minecraftforge.common.AdvancementLoadFix/]: Using new advancement loading for net.minecraft.advancements.PlayerAdvancements@2346472c
[24Dec2024 01:22:14.805] [Server thread/INFO] [net.minecraft.server.management.PlayerList/]: Dylan_HHH[/127.87.34.104:47677] logged in with entity id 52962 at (319.0970170585398, 68.0, 14.10100181091595)
[24Dec2024 01:31:00.649] [Server thread/INFO] [net.minecraft.network.play.ServerPlayNetHandler/]: Dylan_HHH lost connection: Timed out
[24Dec2024 01:31:00.655] [Server thread/INFO] [net.minecraft.server.dedicated.DedicatedServer/]: Dylan_HHH left the game
[24Dec2024 01:31:00.700] [Server thread/WARN] [net.minecraft.network.NetworkManager/]: handleDisconnection() called twice
